<?xml version="1.0" encoding="UTF-8"?>
<!-- Generated by org.testng.reporters.JUnitReportReporter -->
<testsuite skipped="0" hostname="WKWIN7683238" name="testCases.WebSerivceTestCase" tests="3" failures="0" timestamp="01 Jul 2018 17:22:12 GMT" time="15.944" errors="0">
  <testcase name="verifyCommentBody" time="9.354" classname="testCases.WebSerivceTestCase"/>
  <testcase name="postIdWithCertainValue" time="3.266" classname="testCases.WebSerivceTestCase"/>
  <testcase name="makeRequestAndGetResponseCode" time="3.324" classname="testCases.WebSerivceTestCase"/>
</testsuite> <!-- testCases.WebSerivceTestCase -->
