<?xml version="1.0" encoding="UTF-8"?>
<!-- Generated by org.testng.reporters.JUnitReportReporter -->
<testsuite skipped="0" hostname="WKWIN6488574" name="testCases.WebSerivceTestCase" tests="1" failures="0" timestamp="01 Jul 2018 15:33:45 GMT" time="2.047" errors="0">
  <testcase name="testUsingJacson" time="2.047" classname="testCases.WebSerivceTestCase"/>
</testsuite> <!-- testCases.WebSerivceTestCase -->
